\BOOKMARK [1][-]{section.1}{Selbstst\344ndigkeitserkl\344rung}{}% 1
\BOOKMARK [1][-]{section.2}{Abstract}{}% 2
\BOOKMARK [1][-]{section.3}{Zusmannenfassung}{}% 3
\BOOKMARK [1][-]{section.4}{PAIND MINT-Demonstrator}{}% 4
\BOOKMARK [1][-]{section.5}{Ziele des PAIND}{}% 5
\BOOKMARK [1][-]{section.6}{Teilgebiete und Aufgaben}{}% 6
\BOOKMARK [2][-]{subsection.6.1}{Bausatz f\374r Oberstufensch\374ler}{section.6}% 7
\BOOKMARK [3][-]{subsubsection.6.1.1}{Bausatz Herstellungsanleitung}{subsection.6.1}% 8
\BOOKMARK [3][-]{subsubsection.6.1.2}{Schema}{subsection.6.1}% 9
\BOOKMARK [3][-]{subsubsection.6.1.3}{St\374ckliste}{subsection.6.1}% 10
\BOOKMARK [3][-]{subsubsection.6.1.4}{Funktionsbeschrieb}{subsection.6.1}% 11
\BOOKMARK [2][-]{subsection.6.2}{Messe Ausstellungsobjekt}{section.6}% 12
\BOOKMARK [3][-]{subsubsection.6.2.1}{Funktionsbeschrieb}{subsection.6.2}% 13
\BOOKMARK [3][-]{subsubsection.6.2.2}{Schema}{subsection.6.2}% 14
\BOOKMARK [3][-]{subsubsection.6.2.3}{Leiterplatte}{subsection.6.2}% 15
\BOOKMARK [3][-]{subsubsection.6.2.4}{St\374ckliste}{subsection.6.2}% 16
\BOOKMARK [3][-]{subsubsection.6.2.5}{Test}{subsection.6.2}% 17
\BOOKMARK [3][-]{subsubsection.6.2.6}{mechanischer Aufbau}{subsection.6.2}% 18
\BOOKMARK [2][-]{subsection.6.3}{Dokumentation}{section.6}% 19
\BOOKMARK [1][-]{section.7}{Anforderungsliste}{}% 20
